<?xml version="1.0" encoding="UTF-8"?>
<!-- Generated by org.testng.reporters.JUnitXMLReporter -->
<testsuite hostname="LAPTOP-EHI1EESF" name="Test-Runner-2" tests="0" failures="0" timestamp="21 Mar 2021 11:48:17 GMT" time="158.331" errors="0">
</testsuite> <!-- Test-Runner-2 -->
