<?xml version="1.0" encoding="UTF-8"?>
<!-- Generated by org.testng.reporters.JUnitXMLReporter -->
<testsuite hostname="LAPTOP-EHI1EESF" name="Test-Runner-1" tests="0" failures="0" timestamp="21 Mar 2021 11:46:55 GMT" time="68.389" errors="0">
</testsuite> <!-- Test-Runner-1 -->
