<?xml version="1.0" encoding="UTF-8"?>
<!-- Generated by org.testng.reporters.JUnitReportReporter -->
<testsuite hostname="LAPTOP-EHI1EESF" name="Generics.Base" tests="1" failures="0" timestamp="7 Mar 2021 07:31:26 GMT" time="23.858" errors="0">
  <testcase name="configure" time="23.858" classname="Generics.Base"/>
</testsuite> <!-- Generics.Base -->
