<?xml version="1.0" encoding="UTF-8"?>
<!-- Generated by org.testng.reporters.JUnitReportReporter -->
<testsuite hostname="dell" name="Scripts_Contacts.ExportContactTc_6" tests="1" failures="0" timestamp="7 May 2021 10:30:24 GMT" time="31.714" errors="0">
  <testcase name="createContactTest" time="31.714" classname="Scripts_Contacts.ExportContactTc_6"/>
</testsuite> <!-- Scripts_Contacts.ExportContactTc_6 -->
