<?xml version="1.0" encoding="UTF-8"?>
<!-- Generated by org.testng.reporters.JUnitReportReporter -->
<testsuite hostname="LAPTOP-EHI1EESF" name="Sample.PropertFetch" tests="1" failures="0" timestamp="24 Feb 2021 09:08:40 GMT" time="71.940" errors="0">
  <testcase name="fetch" time="71.940" classname="Sample.PropertFetch"/>
</testsuite> <!-- Sample.PropertFetch -->
