<?xml version="1.0" encoding="UTF-8"?>
<!-- Generated by org.testng.reporters.JUnitReportReporter -->
<testsuite hostname="LAPTOP-EHI1EESF" name="Scripts_Contacts.Tc_7" tests="1" failures="0" timestamp="26 Feb 2021 15:09:59 GMT" time="84.025" errors="0">
  <testcase name="contact" time="84.025" classname="Scripts_Contacts.Tc_7"/>
</testsuite> <!-- Scripts_Contacts.Tc_7 -->
