<?xml version="1.0" encoding="UTF-8"?>
<!-- Generated by org.testng.reporters.JUnitReportReporter -->
<testsuite hostname="LAPTOP-EHI1EESF" name="Scripts_Contacts.ExportContactTc_6" tests="1" failures="0" timestamp="21 Mar 2021 06:42:04 GMT" time="69.695" errors="0">
  <testcase name="createContactTest" time="69.695" classname="Scripts_Contacts.ExportContactTc_6"/>
</testsuite> <!-- Scripts_Contacts.ExportContactTc_6 -->
