<?xml version="1.0" encoding="UTF-8"?>
<!-- Generated by org.testng.reporters.JUnitReportReporter -->
<testsuite hostname="dell" name="Scripts_Contacts.SelectGroupSupportSaveTc_11" tests="1" failures="0" timestamp="7 May 2021 11:04:00 GMT" time="62.690" errors="0">
  <testcase name="contactGroupDropTest" time="62.690" classname="Scripts_Contacts.SelectGroupSupportSaveTc_11"/>
</testsuite> <!-- Scripts_Contacts.SelectGroupSupportSaveTc_11 -->
