<?xml version="1.0" encoding="UTF-8"?>
<!-- Generated by org.testng.reporters.JUnitReportReporter -->
<testsuite hostname="LAPTOP-EHI1EESF" name="Scripts_Contacts.Tc_6" tests="1" failures="0" timestamp="26 Feb 2021 14:01:24 GMT" time="84.912" errors="0">
  <testcase name="createContact" time="84.912" classname="Scripts_Contacts.Tc_6"/>
</testsuite> <!-- Scripts_Contacts.Tc_6 -->
