<?xml version="1.0" encoding="UTF-8"?>
<!-- Generated by org.testng.reporters.JUnitReportReporter -->
<testsuite hostname="LAPTOP-EHI1EESF" name="Generics.Login_Close" tests="1" failures="0" timestamp="26 Feb 2021 11:20:46 GMT" time="37.776" errors="0">
  <testcase name="login" time="37.776" classname="Generics.Login_Close"/>
</testsuite> <!-- Generics.Login_Close -->
