<?xml version="1.0" encoding="UTF-8"?>
<!-- Generated by org.testng.reporters.JUnitReportReporter -->
<testsuite hostname="LAPTOP-EHI1EESF" name="Scripts_Contacts.Tc_9" tests="1" failures="0" timestamp="26 Feb 2021 16:48:45 GMT" time="93.839" errors="0">
  <testcase name="contactUserRadio" time="93.839" classname="Scripts_Contacts.Tc_9"/>
</testsuite> <!-- Scripts_Contacts.Tc_9 -->
