<?xml version="1.0" encoding="UTF-8"?>
<!-- Generated by org.testng.reporters.JUnitReportReporter -->
<testsuite hostname="dell" name="Scripts_Contacts.SelectLeadSourceTc_8" tests="1" failures="0" timestamp="7 May 2021 11:08:31 GMT" time="32.151" errors="0">
  <testcase name="createContactLeadSourceTest" time="32.151" classname="Scripts_Contacts.SelectLeadSourceTc_8"/>
</testsuite> <!-- Scripts_Contacts.SelectLeadSourceTc_8 -->
