<?xml version="1.0" encoding="UTF-8"?>
<!-- Generated by org.testng.reporters.JUnitReportReporter -->
<testsuite hostname="dell" name="Scripts_Contacts.SelectMarketSaveTc_10" tests="1" failures="0" timestamp="7 May 2021 10:34:42 GMT" time="34.305" errors="0">
  <testcase name="contactRadioGroupTest" time="34.305" classname="Scripts_Contacts.SelectMarketSaveTc_10"/>
</testsuite> <!-- Scripts_Contacts.SelectMarketSaveTc_10 -->
