<?xml version="1.0" encoding="UTF-8"?>
<!-- Generated by org.testng.reporters.JUnitReportReporter -->
<testsuite hostname="LAPTOP-EHI1EESF" name="Scripts_Contacts.Tc_8" tests="1" failures="0" timestamp="26 Feb 2021 16:09:00 GMT" time="77.402" errors="0">
  <testcase name="createContactLeadSourceTest" time="77.402" classname="Scripts_Contacts.Tc_8"/>
</testsuite> <!-- Scripts_Contacts.Tc_8 -->
