<?xml version="1.0" encoding="UTF-8"?>
<!-- Generated by org.testng.reporters.JUnitReportReporter -->
<testsuite hostname="dell" name="Generics.Base" tests="3" failures="0" timestamp="7 May 2021 09:10:56 GMT" time="66.192" errors="0">
  <testcase name="login" time="27.315" classname="Generics.Base"/>
  <testcase name="configure" time="15.663" classname="Generics.Base"/>
  <testcase name="logout" time="23.214" classname="Generics.Base"/>
</testsuite> <!-- Generics.Base -->
